<?xml version="1.0" encoding="UTF-8"?>
<!-- Generated by org.testng.reporters.JUnitXMLReporter -->
<testsuite ignored="0" hostname="DESKTOP-JL59L2U" failures="1" tests="1" name="EdgeTest" time="29.818" errors="0" timestamp="2023-07-08T20:12:26 IST">
  <testcase classname="testCases.TC_001_AccountRegistration" name="test_account_Registration" time="6.523">
    <failure type="java.nio.file.AccessDeniedException" message="C:\Eclipse project\opencart\screenshots\test_account_Registration.png">
      <![CDATA[java.nio.file.AccessDeniedException: C:\Eclipse project\opencart\screenshots\test_account_Registration.png
at java.base/sun.nio.fs.WindowsException.translateToIOException(WindowsException.java:89)
at java.base/sun.nio.fs.WindowsException.rethrowAsIOException(WindowsException.java:103)
at java.base/sun.nio.fs.WindowsException.rethrowAsIOException(WindowsException.java:108)
at java.base/sun.nio.fs.WindowsFileCopy.copy(WindowsFileCopy.java:164)
at java.base/sun.nio.fs.WindowsFileSystemProvider.copy(WindowsFileSystemProvider.java:283)
at java.base/java.nio.file.Files.copy(Files.java:1295)
at org.apache.commons.io.FileUtils.copyFile(FileUtils.java:811)
at org.apache.commons.io.FileUtils.copyFile(FileUtils.java:838)
at org.apache.commons.io.FileUtils.copyFile(FileUtils.java:746)
at testBase.BaseClass.captureScreen(BaseClass.java:68)
at testCases.TC_001_AccountRegistration.test_account_Registration(TC_001_AccountRegistration.java:63)
at java.base/java.util.ArrayList.forEach(ArrayList.java:1541)
at java.base/java.util.concurrent.FutureTask.run(FutureTask.java:264)
at java.base/java.util.concurrent.ThreadPoolExecutor.runWorker(ThreadPoolExecutor.java:1128)
at java.base/java.util.concurrent.ThreadPoolExecutor$Worker.run(ThreadPoolExecutor.java:628)
at java.base/java.lang.Thread.run(Thread.java:834)
... Removed 17 stack frames]]>
    </failure>
  </testcase> <!-- test_account_Registration -->
</testsuite> <!-- EdgeTest -->
